"C:\Documents and Settings\DAG\My Documents\Visual Studio 2010\Projects\WizardWrx_Libs\ConsoleAppAids\Archive_ConsoleAppAids.CMD" Begin

Project Assembly = C:\Documents and Settings\DAG\My Documents\Visual Studio 2010\Projects\WizardWrx_Libs\ConsoleAppAids\ConsoleAppAids\bin\Release\WizardWrx.ConsoleAppAids.dll
Backup Directory = C:\COMMON_DATA\Assorted_Zips\program_source\Visual Studio 2010

WWSourceCodeArchiver, version 2.0.11.25045
Begin @ 09/06/2012 01:36:48 (09/06/2012 06:36:48 UTC)

ProjectPath            = C:\Documents and Settings\DAG\My Documents\Visual Studio 2010\Projects\WizardWrx_Libs\ConsoleAppAids\ConsoleAppAids\bin\Release\WizardWrx.ConsoleAppAids.dll
TargetPath             = C:\COMMON_DATA\Assorted_Zips\program_source\Visual Studio 2010\
Product Type           = DynamicLinkLibrary

Program Directory Name = C:\Documents and Settings\DAG\My Documents\Visual Studio 2010\Projects\WizardWrx_Libs\ConsoleAppAids\ConsoleAppAids\bin\Release
Program File Name      = WizardWrx.ConsoleAppAids.dll
    File Size          = 5,120
    Create Date (LOC)  = 2012/09/06 01:34:35.866
    Create Date (UTC)  = 2012/09/06 06:34:35.866
    Mod Date (LOC)     = 2012/09/06 01:34:35.866
    Mod Date (UTC)     = 2012/09/06 06:34:35.866
Project Name           = ConsoleAppAids
Project Root           = C:\Documents and Settings\DAG\My Documents\Visual Studio 2010\Projects\WizardWrx_Libs\ConsoleAppAids\
Assembly FullName      = WizardWrx.ConsoleAppAids, Version=1.0.5.1037, Culture=neutral, PublicKeyToken=null
    BaseName           = WizardWrx.ConsoleAppAids
    Full Version       = 1.0.5.1037
    Culture            = neutral
    PublicKeyToken     = null

2012/09/06 01:36:48.647 Creating archive.
2012/09/06 01:36:49.694 The archive was successfully created.
2012/09/06 01:36:49.756 Archive flag reset on 20 project files.

Archive FQFN           = C:\COMMON_DATA\Assorted_Zips\program_source\Visual Studio 2010\WizardWrx.ConsoleAppAids_1_0_5_1037.7z
    File Size          = 11,185
    Create Date (LOC)  = 2012/09/06 01:36:48.881
    Create Date (UTC)  = 2012/09/06 06:36:48.881
    Mod Date (LOC)     = 2012/09/06 01:36:49.694
    Mod Date (UTC)     = 2012/09/06 06:36:49.694

WWSourceCodeArchiver End - 09/06/2012 01:36:50 (09/06/2012 06:36:50 UTC)
Elapsed time: 00:00:02.093
WWPause version 2, 0, 0, 3
Thu 06 Sep 2012 06:36:50 UTC
Thu 06 Sep 2012 01:36:50 Local

Please press RETURN when ready...
