"C:\Documents and Settings\DAG\My Documents\Visual Studio 2010\Projects\WizardWrx_Libs\ConsoleAppAids\_archive\Archive_ConsoleAppAids.CMD" Begin

Project Assembly = C:\Documents and Settings\DAG\My Documents\Visual Studio 2010\Projects\WizardWrx_Libs\ConsoleAppAids\ConsoleAppAids\bin\Release\WizardWrx.ConsoleAppAids.dll
Backup Directory = C:\COMMON_DATA\Assorted_Zips\program_source\Visual Studio 2010

WWSourceCodeArchiver, version 2.0.11.25045
Begin @ 02/04/2014 03:46:25 (02/04/2014 09:46:25 UTC)

ProjectPath            = C:\Documents and Settings\DAG\My Documents\Visual Studio 2010\Projects\WizardWrx_Libs\ConsoleAppAids\ConsoleAppAids\bin\Release\WizardWrx.ConsoleAppAids.dll
TargetPath             = C:\COMMON_DATA\Assorted_Zips\program_source\Visual Studio 2010\
Product Type           = DynamicLinkLibrary

Program Directory Name = C:\Documents and Settings\DAG\My Documents\Visual Studio 2010\Projects\WizardWrx_Libs\ConsoleAppAids\ConsoleAppAids\bin\Release
Program File Name      = WizardWrx.ConsoleAppAids.dll
    File Size          = 15,872
    Create Date (LOC)  = 2013/02/18 19:26:06.636
    Create Date (UTC)  = 2013/02/19 01:26:06.636
    Mod Date (LOC)     = 2014/02/04 03:40:41.719
    Mod Date (UTC)     = 2014/02/04 09:40:41.719
Project Name           = ConsoleAppAids
Project Root           = C:\Documents and Settings\DAG\My Documents\Visual Studio 2010\Projects\WizardWrx_Libs\ConsoleAppAids\
Assembly FullName      = WizardWrx.ConsoleAppAids, Version=3.2.60.6620, Culture=neutral, PublicKeyToken=null
    BaseName           = WizardWrx.ConsoleAppAids
    Full Version       = 3.2.60.6620
    Culture            = neutral
    PublicKeyToken     = null

2014/02/04 03:46:26.061 Creating archive.
2014/02/04 03:46:28.608 The archive was successfully created.
2014/02/04 03:46:28.702 Archive flag reset on 89 project files.

Archive FQFN           = C:\COMMON_DATA\Assorted_Zips\program_source\Visual Studio 2010\WizardWrx.ConsoleAppAids_3_2_60_6620.7z
    File Size          = 646,676
    Create Date (LOC)  = 2014/02/04 03:46:26.405
    Create Date (UTC)  = 2014/02/04 09:46:26.405
    Mod Date (LOC)     = 2014/02/04 03:46:28.608
    Mod Date (UTC)     = 2014/02/04 09:46:28.608

WWSourceCodeArchiver End - 02/04/2014 03:46:29 (02/04/2014 09:46:29 UTC)
Elapsed time: 00:00:03.921
WWPause version 2, 0, 0, 3
Tue 04 Feb 2014 09:46:29 UTC
Tue 04 Feb 2014 03:46:29 Local

Please press RETURN when ready...
