"C:\Documents and Settings\DAG\My Documents\Visual Studio 2010\Projects\WizardWrx_Libs\ConsoleAppAids\_archive\Archive_ConsoleAppAids.CMD" Begin

Project Assembly = C:\Documents and Settings\DAG\My Documents\Visual Studio 2010\Projects\WizardWrx_Libs\ConsoleAppAids\ConsoleAppAids\bin\Release\WizardWrx.ConsoleAppAids.dll
Backup Directory = C:\COMMON_DATA\Assorted_Zips\program_source\Visual Studio 2010

WWSourceCodeArchiver, version 2.0.11.25045
Begin @ 02/05/2014 09:44:30 (02/05/2014 15:44:30 UTC)

ProjectPath            = C:\Documents and Settings\DAG\My Documents\Visual Studio 2010\Projects\WizardWrx_Libs\ConsoleAppAids\ConsoleAppAids\bin\Release\WizardWrx.ConsoleAppAids.dll
TargetPath             = C:\COMMON_DATA\Assorted_Zips\program_source\Visual Studio 2010\
Product Type           = DynamicLinkLibrary

Program Directory Name = C:\Documents and Settings\DAG\My Documents\Visual Studio 2010\Projects\WizardWrx_Libs\ConsoleAppAids\ConsoleAppAids\bin\Release
Program File Name      = WizardWrx.ConsoleAppAids.dll
    File Size          = 15,872
    Create Date (LOC)  = 2013/02/18 19:26:06.636
    Create Date (UTC)  = 2013/02/19 01:26:06.636
    Mod Date (LOC)     = 2014/02/05 09:42:53.125
    Mod Date (UTC)     = 2014/02/05 15:42:53.125
Project Name           = ConsoleAppAids
Project Root           = C:\Documents and Settings\DAG\My Documents\Visual Studio 2010\Projects\WizardWrx_Libs\ConsoleAppAids\
Assembly FullName      = WizardWrx.ConsoleAppAids, Version=3.3.64.17486, Culture=neutral, PublicKeyToken=null
    BaseName           = WizardWrx.ConsoleAppAids
    Full Version       = 3.3.64.17486
    Culture            = neutral
    PublicKeyToken     = null

2014/02/05 09:44:31.328 Creating archive.
2014/02/05 09:44:33.203 The archive was successfully created.
2014/02/05 09:44:33.297 Archive flag reset on 95 project files.

Archive FQFN           = C:\COMMON_DATA\Assorted_Zips\program_source\Visual Studio 2010\WizardWrx.ConsoleAppAids_3_3_64_17486.7z
    File Size          = 652,750
    Create Date (LOC)  = 2014/02/05 09:44:31.469
    Create Date (UTC)  = 2014/02/05 15:44:31.469
    Mod Date (LOC)     = 2014/02/05 09:44:33.203
    Mod Date (UTC)     = 2014/02/05 15:44:33.203

WWSourceCodeArchiver End - 02/05/2014 09:44:33 (02/05/2014 15:44:33 UTC)
Elapsed time: 00:00:03.187
WWPause version 2, 0, 0, 3
Wed 05 Feb 2014 15:44:34 UTC
Wed 05 Feb 2014 09:44:34 Local

Please press RETURN when ready...