"C:\Documents and Settings\DAG\My Documents\Visual Studio 2010\Projects\WizardWrx_Libs\ConsoleAppAids\_archive\Archive_ConsoleAppAids.CMD" Begin

Project Assembly = C:\Documents and Settings\DAG\My Documents\Visual Studio 2010\Projects\WizardWrx_Libs\ConsoleAppAids\ConsoleAppAids\bin\Release\WizardWrx.ConsoleAppAids.dll
Backup Directory = C:\COMMON_DATA\Assorted_Zips\program_source\Visual Studio 2010

WWSourceCodeArchiver, version 2.0.11.25045
Begin @ 05/31/2014 19:50:29 (06/01/2014 00:50:29 UTC)

ProjectPath            = C:\Documents and Settings\DAG\My Documents\Visual Studio 2010\Projects\WizardWrx_Libs\ConsoleAppAids\ConsoleAppAids\bin\Release\WizardWrx.ConsoleAppAids.dll
TargetPath             = C:\COMMON_DATA\Assorted_Zips\program_source\Visual Studio 2010\
Product Type           = DynamicLinkLibrary

Program Directory Name = C:\Documents and Settings\DAG\My Documents\Visual Studio 2010\Projects\WizardWrx_Libs\ConsoleAppAids\ConsoleAppAids\bin\Release
Program File Name      = WizardWrx.ConsoleAppAids.dll
    File Size          = 20,992
    Create Date (LOC)  = 2013/02/18 19:26:06.636
    Create Date (UTC)  = 2013/02/19 01:26:06.636
    Mod Date (LOC)     = 2014/05/31 19:34:32.081
    Mod Date (UTC)     = 2014/06/01 00:34:32.081
Project Name           = ConsoleAppAids
Project Root           = C:\Documents and Settings\DAG\My Documents\Visual Studio 2010\Projects\WizardWrx_Libs\ConsoleAppAids\
Assembly FullName      = WizardWrx.ConsoleAppAids, Version=3.6.206.33435, Culture=neutral, PublicKeyToken=null
    BaseName           = WizardWrx.ConsoleAppAids
    Full Version       = 3.6.206.33435
    Culture            = neutral
    PublicKeyToken     = null

2014/05/31 19:50:30.437 Creating archive.
2014/05/31 19:50:50.515 The archive was successfully created.
2014/05/31 19:50:50.640 Archive flag reset on 169 project files.

Archive FQFN           = C:\COMMON_DATA\Assorted_Zips\program_source\Visual Studio 2010\WizardWrx.ConsoleAppAids_3_6_206_33435.7z
    File Size          = 11,171,849
    Create Date (LOC)  = 2014/05/31 19:50:30.578
    Create Date (UTC)  = 2014/06/01 00:50:30.578
    Mod Date (LOC)     = 2014/05/31 19:50:50.515
    Mod Date (UTC)     = 2014/06/01 00:50:50.515

WWSourceCodeArchiver End - 05/31/2014 19:50:51 (06/01/2014 00:50:51 UTC)
Elapsed time: 00:00:21.437
WWPause version 2, 0, 0, 3
Sun 01 Jun 2014 00:50:51 UTC
Sat 31 May 2014 19:50:51 Local

Please press RETURN when ready...