"C:\Documents and Settings\DAG\My Documents\Visual Studio 2010\Projects\WizardWrx_Libs\ConsoleAppAids\_archive\Archive_ConsoleAppAids.CMD" Begin

Project Assembly = C:\Documents and Settings\DAG\My Documents\Visual Studio 2010\Projects\WizardWrx_Libs\ConsoleAppAids\ConsoleAppAids\bin\Release\WizardWrx.ConsoleAppAids.dll
Backup Directory = C:\COMMON_DATA\Assorted_Zips\program_source\Visual Studio 2010

WWSourceCodeArchiver, version 2.0.11.25045
Begin @ 02/05/2014 22:32:20 (02/06/2014 04:32:20 UTC)

ProjectPath            = C:\Documents and Settings\DAG\My Documents\Visual Studio 2010\Projects\WizardWrx_Libs\ConsoleAppAids\ConsoleAppAids\bin\Release\WizardWrx.ConsoleAppAids.dll
TargetPath             = C:\COMMON_DATA\Assorted_Zips\program_source\Visual Studio 2010\
Product Type           = DynamicLinkLibrary

Program Directory Name = C:\Documents and Settings\DAG\My Documents\Visual Studio 2010\Projects\WizardWrx_Libs\ConsoleAppAids\ConsoleAppAids\bin\Release
Program File Name      = WizardWrx.ConsoleAppAids.dll
    File Size          = 17,408
    Create Date (LOC)  = 2013/02/18 19:26:06.636
    Create Date (UTC)  = 2013/02/19 01:26:06.636
    Mod Date (LOC)     = 2014/02/05 22:24:53.238
    Mod Date (UTC)     = 2014/02/06 04:24:53.238
Project Name           = ConsoleAppAids
Project Root           = C:\Documents and Settings\DAG\My Documents\Visual Studio 2010\Projects\WizardWrx_Libs\ConsoleAppAids\
Assembly FullName      = WizardWrx.ConsoleAppAids, Version=3.4.82.40346, Culture=neutral, PublicKeyToken=null
    BaseName           = WizardWrx.ConsoleAppAids
    Full Version       = 3.4.82.40346
    Culture            = neutral
    PublicKeyToken     = null

2014/02/05 22:32:21.596 Creating archive.
2014/02/05 22:32:24.924 The archive was successfully created.
2014/02/05 22:32:25.018 Archive flag reset on 103 project files.

Archive FQFN           = C:\COMMON_DATA\Assorted_Zips\program_source\Visual Studio 2010\WizardWrx.ConsoleAppAids_3_4_82_40346.7z
    File Size          = 1,062,469
    Create Date (LOC)  = 2014/02/05 22:32:21.737
    Create Date (UTC)  = 2014/02/06 04:32:21.737
    Mod Date (LOC)     = 2014/02/05 22:32:24.909
    Mod Date (UTC)     = 2014/02/06 04:32:24.909

WWSourceCodeArchiver End - 02/05/2014 22:32:25 (02/06/2014 04:32:25 UTC)
Elapsed time: 00:00:04.656
WWPause version 2, 0, 0, 3
Thu 06 Feb 2014 04:32:25 UTC
Wed 05 Feb 2014 22:32:25 Local

Please press RETURN when ready...