"C:\Documents and Settings\DAG\My Documents\Visual Studio 2010\Projects\WizardWrx_Libs\ConsoleAppAids\_archive\Archive_ConsoleAppAids.CMD" Begin

Project Assembly = C:\Documents and Settings\DAG\My Documents\Visual Studio 2010\Projects\WizardWrx_Libs\ConsoleAppAids\ConsoleAppAids\bin\Release\WizardWrx.ConsoleAppAids.dll
Backup Directory = C:\COMMON_DATA\Assorted_Zips\program_source\Visual Studio 2010

WWSourceCodeArchiver, version 2.0.11.25045
Begin @ 06/05/2014 01:12:28 (06/05/2014 06:12:28 UTC)

ProjectPath            = C:\Documents and Settings\DAG\My Documents\Visual Studio 2010\Projects\WizardWrx_Libs\ConsoleAppAids\ConsoleAppAids\bin\Release\WizardWrx.ConsoleAppAids.dll
TargetPath             = C:\COMMON_DATA\Assorted_Zips\program_source\Visual Studio 2010\
Product Type           = DynamicLinkLibrary

Program Directory Name = C:\Documents and Settings\DAG\My Documents\Visual Studio 2010\Projects\WizardWrx_Libs\ConsoleAppAids\ConsoleAppAids\bin\Release
Program File Name      = WizardWrx.ConsoleAppAids.dll
    File Size          = 22,528
    Create Date (LOC)  = 2014/06/03 11:22:06.883
    Create Date (UTC)  = 2014/06/03 16:22:06.883
    Mod Date (LOC)     = 2014/06/05 00:18:04.116
    Mod Date (UTC)     = 2014/06/05 05:18:04.116
Project Name           = ConsoleAppAids
Project Root           = C:\Documents and Settings\DAG\My Documents\Visual Studio 2010\Projects\WizardWrx_Libs\ConsoleAppAids\
Assembly FullName      = WizardWrx.ConsoleAppAids, Version=3.6.218.41941, Culture=neutral, PublicKeyToken=null
    BaseName           = WizardWrx.ConsoleAppAids
    Full Version       = 3.6.218.41941
    Culture            = neutral
    PublicKeyToken     = null

2014/06/05 01:12:29.233 Creating archive.
2014/06/05 01:12:50.765 The archive was successfully created.
2014/06/05 01:12:50.890 Archive flag reset on 173 project files.

Archive FQFN           = C:\COMMON_DATA\Assorted_Zips\program_source\Visual Studio 2010\WizardWrx.ConsoleAppAids_3_6_218_41941.7z
    File Size          = 11,189,709
    Create Date (LOC)  = 2014/06/05 01:12:29.374
    Create Date (UTC)  = 2014/06/05 06:12:29.374
    Mod Date (LOC)     = 2014/06/05 01:12:50.765
    Mod Date (UTC)     = 2014/06/05 06:12:50.765

WWSourceCodeArchiver End - 06/05/2014 01:12:51 (06/05/2014 06:12:51 UTC)
Elapsed time: 00:00:22.890
WWPause version 2, 0, 0, 3
Thu 05 Jun 2014 06:12:51 UTC
Thu 05 Jun 2014 01:12:51 Local

Please press RETURN when ready...